[2020-02-06T16:42:17.490944+01:00] doctrine.DEBUG: SELECT u0_.id AS id_0, u0_.name AS name_1, u0_.password AS password_2, u0_.email AS email_3 FROM user u0_ [] []
[2020-02-06T16:42:28.892339+01:00] doctrine.DEBUG: SELECT u0_.id AS id_0, u0_.name AS name_1, u0_.password AS password_2, u0_.email AS email_3 FROM user u0_ WHERE u0_.id IN (?) [["1"]] []
[2020-02-06T16:42:28.909693+01:00] doctrine.DEBUG: "START TRANSACTION" [] []
[2020-02-06T16:42:28.910230+01:00] doctrine.DEBUG: INSERT INTO product (name, family, type, expire_at, date_open, register_by_id) VALUES (?, ?, ?, ?, ?, ?) {"1":"deafv","2":"dzdd","3":"dzdd","4":"2015-01-01T00:00:00+01:00","5":"2015-01-01T00:00:00+01:00","6":1} []
[2020-02-06T16:42:28.910627+01:00] doctrine.DEBUG: "COMMIT" [] []
[2020-02-06T16:42:28.932229+01:00] doctrine.DEBUG: SELECT t0.id AS id_1, t0.name AS name_2, t0.family AS family_3, t0.type AS type_4, t0.expire_at AS expire_at_5, t0.date_open AS date_open_6, t0.register_by_id AS register_by_id_7 FROM product t0 [] []
[2020-02-06T17:03:37.789443+01:00] doctrine.DEBUG: SELECT t0.id AS id_1, t0.name AS name_2, t0.family AS family_3, t0.type AS type_4, t0.expire_at AS expire_at_5, t0.date_open AS date_open_6, t0.register_by_id AS register_by_id_7 FROM product t0 [] []
[2020-02-06T17:03:47.413887+01:00] doctrine.DEBUG: SELECT t0.id AS id_1, t0.name AS name_2, t0.family AS family_3, t0.type AS type_4, t0.expire_at AS expire_at_5, t0.date_open AS date_open_6, t0.register_by_id AS register_by_id_7 FROM product t0 [] []
[2020-02-06T17:03:51.163751+01:00] doctrine.DEBUG: SELECT t0.id AS id_1, t0.name AS name_2, t0.family AS family_3, t0.type AS type_4, t0.expire_at AS expire_at_5, t0.date_open AS date_open_6, t0.register_by_id AS register_by_id_7 FROM product t0 [] []
[2020-02-06T17:04:03.295241+01:00] doctrine.DEBUG: SELECT t0.id AS id_1, t0.name AS name_2, t0.family AS family_3, t0.type AS type_4, t0.expire_at AS expire_at_5, t0.date_open AS date_open_6, t0.register_by_id AS register_by_id_7 FROM product t0 [] []
[2020-02-06T17:04:05.392986+01:00] doctrine.DEBUG: SELECT u0_.id AS id_0, u0_.name AS name_1, u0_.password AS password_2, u0_.email AS email_3 FROM user u0_ [] []
[2020-02-06T18:39:40.726554+01:00] doctrine.DEBUG: SHOW FULL TABLES WHERE Table_type = 'BASE TABLE' [] []
[2020-02-06T18:39:40.729070+01:00] doctrine.DEBUG: SELECT COLUMN_NAME AS Field, COLUMN_TYPE AS Type, IS_NULLABLE AS `Null`, COLUMN_KEY AS `Key`, COLUMN_DEFAULT AS `Default`, EXTRA AS Extra, COLUMN_COMMENT AS Comment, CHARACTER_SET_NAME AS CharacterSet, COLLATION_NAME AS Collation FROM information_schema.COLUMNS WHERE TABLE_SCHEMA = 'dbecv' AND TABLE_NAME = 'fake_user' ORDER BY ORDINAL_POSITION ASC [] []
[2020-02-06T18:39:40.731738+01:00] doctrine.DEBUG: SELECT DISTINCT k.`CONSTRAINT_NAME`, k.`COLUMN_NAME`, k.`REFERENCED_TABLE_NAME`, k.`REFERENCED_COLUMN_NAME` /*!50116 , c.update_rule, c.delete_rule */ FROM information_schema.key_column_usage k /*!50116 INNER JOIN information_schema.referential_constraints c ON   c.constraint_name = k.constraint_name AND   c.table_name = 'fake_user' */ WHERE k.table_name = 'fake_user' AND k.table_schema = 'dbecv' /*!50116 AND c.constraint_schema = 'dbecv' */ AND k.`REFERENCED_COLUMN_NAME` is not NULL [] []
[2020-02-06T18:39:40.732590+01:00] doctrine.DEBUG: SELECT NON_UNIQUE AS Non_Unique, INDEX_NAME AS Key_name, COLUMN_NAME AS Column_Name, SUB_PART AS Sub_Part, INDEX_TYPE AS Index_Type FROM information_schema.STATISTICS WHERE TABLE_NAME = 'fake_user' AND TABLE_SCHEMA = 'dbecv' ORDER BY SEQ_IN_INDEX ASC [] []
[2020-02-06T18:39:40.735071+01:00] doctrine.DEBUG: SELECT ENGINE, AUTO_INCREMENT, TABLE_COLLATION, TABLE_COMMENT, CREATE_OPTIONS FROM information_schema.TABLES WHERE TABLE_TYPE = 'BASE TABLE' AND TABLE_SCHEMA = DATABASE() AND TABLE_NAME = 'fake_user' [] []
[2020-02-06T18:39:40.736226+01:00] doctrine.DEBUG: SELECT COLUMN_NAME AS Field, COLUMN_TYPE AS Type, IS_NULLABLE AS `Null`, COLUMN_KEY AS `Key`, COLUMN_DEFAULT AS `Default`, EXTRA AS Extra, COLUMN_COMMENT AS Comment, CHARACTER_SET_NAME AS CharacterSet, COLLATION_NAME AS Collation FROM information_schema.COLUMNS WHERE TABLE_SCHEMA = 'dbecv' AND TABLE_NAME = 'migration_versions' ORDER BY ORDINAL_POSITION ASC [] []
[2020-02-06T18:39:40.736918+01:00] doctrine.DEBUG: SELECT DISTINCT k.`CONSTRAINT_NAME`, k.`COLUMN_NAME`, k.`REFERENCED_TABLE_NAME`, k.`REFERENCED_COLUMN_NAME` /*!50116 , c.update_rule, c.delete_rule */ FROM information_schema.key_column_usage k /*!50116 INNER JOIN information_schema.referential_constraints c ON   c.constraint_name = k.constraint_name AND   c.table_name = 'migration_versions' */ WHERE k.table_name = 'migration_versions' AND k.table_schema = 'dbecv' /*!50116 AND c.constraint_schema = 'dbecv' */ AND k.`REFERENCED_COLUMN_NAME` is not NULL [] []
[2020-02-06T18:39:40.737519+01:00] doctrine.DEBUG: SELECT NON_UNIQUE AS Non_Unique, INDEX_NAME AS Key_name, COLUMN_NAME AS Column_Name, SUB_PART AS Sub_Part, INDEX_TYPE AS Index_Type FROM information_schema.STATISTICS WHERE TABLE_NAME = 'migration_versions' AND TABLE_SCHEMA = 'dbecv' ORDER BY SEQ_IN_INDEX ASC [] []
[2020-02-06T18:39:40.737848+01:00] doctrine.DEBUG: SELECT ENGINE, AUTO_INCREMENT, TABLE_COLLATION, TABLE_COMMENT, CREATE_OPTIONS FROM information_schema.TABLES WHERE TABLE_TYPE = 'BASE TABLE' AND TABLE_SCHEMA = DATABASE() AND TABLE_NAME = 'migration_versions' [] []
[2020-02-06T18:39:40.738270+01:00] doctrine.DEBUG: SELECT COLUMN_NAME AS Field, COLUMN_TYPE AS Type, IS_NULLABLE AS `Null`, COLUMN_KEY AS `Key`, COLUMN_DEFAULT AS `Default`, EXTRA AS Extra, COLUMN_COMMENT AS Comment, CHARACTER_SET_NAME AS CharacterSet, COLLATION_NAME AS Collation FROM information_schema.COLUMNS WHERE TABLE_SCHEMA = 'dbecv' AND TABLE_NAME = 'product' ORDER BY ORDINAL_POSITION ASC [] []
[2020-02-06T18:39:40.738916+01:00] doctrine.DEBUG: SELECT DISTINCT k.`CONSTRAINT_NAME`, k.`COLUMN_NAME`, k.`REFERENCED_TABLE_NAME`, k.`REFERENCED_COLUMN_NAME` /*!50116 , c.update_rule, c.delete_rule */ FROM information_schema.key_column_usage k /*!50116 INNER JOIN information_schema.referential_constraints c ON   c.constraint_name = k.constraint_name AND   c.table_name = 'product' */ WHERE k.table_name = 'product' AND k.table_schema = 'dbecv' /*!50116 AND c.constraint_schema = 'dbecv' */ AND k.`REFERENCED_COLUMN_NAME` is not NULL [] []
[2020-02-06T18:39:40.740052+01:00] doctrine.DEBUG: SELECT NON_UNIQUE AS Non_Unique, INDEX_NAME AS Key_name, COLUMN_NAME AS Column_Name, SUB_PART AS Sub_Part, INDEX_TYPE AS Index_Type FROM information_schema.STATISTICS WHERE TABLE_NAME = 'product' AND TABLE_SCHEMA = 'dbecv' ORDER BY SEQ_IN_INDEX ASC [] []
[2020-02-06T18:39:40.740608+01:00] doctrine.DEBUG: SELECT ENGINE, AUTO_INCREMENT, TABLE_COLLATION, TABLE_COMMENT, CREATE_OPTIONS FROM information_schema.TABLES WHERE TABLE_TYPE = 'BASE TABLE' AND TABLE_SCHEMA = DATABASE() AND TABLE_NAME = 'product' [] []
[2020-02-06T18:39:40.740947+01:00] doctrine.DEBUG: SELECT COLUMN_NAME AS Field, COLUMN_TYPE AS Type, IS_NULLABLE AS `Null`, COLUMN_KEY AS `Key`, COLUMN_DEFAULT AS `Default`, EXTRA AS Extra, COLUMN_COMMENT AS Comment, CHARACTER_SET_NAME AS CharacterSet, COLLATION_NAME AS Collation FROM information_schema.COLUMNS WHERE TABLE_SCHEMA = 'dbecv' AND TABLE_NAME = 'user' ORDER BY ORDINAL_POSITION ASC [] []
[2020-02-06T18:39:40.741668+01:00] doctrine.DEBUG: SELECT DISTINCT k.`CONSTRAINT_NAME`, k.`COLUMN_NAME`, k.`REFERENCED_TABLE_NAME`, k.`REFERENCED_COLUMN_NAME` /*!50116 , c.update_rule, c.delete_rule */ FROM information_schema.key_column_usage k /*!50116 INNER JOIN information_schema.referential_constraints c ON   c.constraint_name = k.constraint_name AND   c.table_name = 'user' */ WHERE k.table_name = 'user' AND k.table_schema = 'dbecv' /*!50116 AND c.constraint_schema = 'dbecv' */ AND k.`REFERENCED_COLUMN_NAME` is not NULL [] []
[2020-02-06T18:39:40.742166+01:00] doctrine.DEBUG: SELECT NON_UNIQUE AS Non_Unique, INDEX_NAME AS Key_name, COLUMN_NAME AS Column_Name, SUB_PART AS Sub_Part, INDEX_TYPE AS Index_Type FROM information_schema.STATISTICS WHERE TABLE_NAME = 'user' AND TABLE_SCHEMA = 'dbecv' ORDER BY SEQ_IN_INDEX ASC [] []
[2020-02-06T18:39:40.742502+01:00] doctrine.DEBUG: SELECT ENGINE, AUTO_INCREMENT, TABLE_COLLATION, TABLE_COMMENT, CREATE_OPTIONS FROM information_schema.TABLES WHERE TABLE_TYPE = 'BASE TABLE' AND TABLE_SCHEMA = DATABASE() AND TABLE_NAME = 'user' [] []
